<?xml version="1.0" encoding="UTF-8"?>
<!-- Generated by org.testng.reporters.JUnitReportReporter -->
<testsuite hostname="DESKTOP-NV9V8N4" failures="0" tests="1" name="testCaseBestBuy.TC_02_ValidateUrlIsNotBroken" time="51.929" errors="0" timestamp="2025-08-30T10:17:37 IST" skipped="0">
  <testcase classname="testCaseBestBuy.TC_02_ValidateUrlIsNotBroken" name="tc_02_validateUrlIsNotBroken" time="51.929"/>
</testsuite> <!-- testCaseBestBuy.TC_02_ValidateUrlIsNotBroken -->
